[0.012s] Invoking command in '/home/minipin/ros2-study/robot_dj/src/my_first_ros_rclcpp_pkg/build/my_first_ros_rclcpp_pkg': CMAKE_PREFIX_PATH=${CMAKE_PREFIX_PATH}:/opt/ros/humble /usr/bin/cmake /home/minipin/ros2-study/robot_dj/src/my_first_ros_rclcpp_pkg -DAMENT_CMAKE_SYMLINK_INSTALL=1 -DCMAKE_INSTALL_PREFIX=/home/minipin/ros2-study/robot_dj/src/my_first_ros_rclcpp_pkg/install/my_first_ros_rclcpp_pkg
[0.142s] -- The C compiler identification is GNU 11.3.0
[0.201s] -- The CXX compiler identification is GNU 11.3.0
[0.215s] -- Detecting C compiler ABI info
[0.292s] -- Detecting C compiler ABI info - done
[0.297s] -- Check for working C compiler: /usr/bin/cc - skipped
[0.298s] -- Detecting C compile features
[0.300s] -- Detecting C compile features - done
[0.303s] -- Detecting CXX compiler ABI info
[0.354s] -- Detecting CXX compiler ABI info - done
[0.359s] -- Check for working CXX compiler: /usr/bin/c++ - skipped
[0.359s] -- Detecting CXX compile features
[0.359s] -- Detecting CXX compile features - done
[0.371s] -- Found ament_cmake: 1.3.3 (/opt/ros/humble/share/ament_cmake/cmake)
[0.508s] -- Found Python3: /usr/bin/python3.10 (found version "3.10.6") found components: Interpreter 
[0.559s] -- Override CMake install command with custom implementation using symlinks instead of copying resources
[0.615s] -- Found rclcpp: 16.0.3 (/opt/ros/humble/share/rclcpp/cmake)
[0.712s] -- Found rosidl_generator_c: 3.1.4 (/opt/ros/humble/share/rosidl_generator_c/cmake)
[0.719s] -- Found rosidl_adapter: 3.1.4 (/opt/ros/humble/share/rosidl_adapter/cmake)
[0.737s] -- Found rosidl_generator_cpp: 3.1.4 (/opt/ros/humble/share/rosidl_generator_cpp/cmake)
[0.760s] -- Using all available rosidl_typesupport_c: rosidl_typesupport_fastrtps_c;rosidl_typesupport_introspection_c
[0.788s] -- Using all available rosidl_typesupport_cpp: rosidl_typesupport_fastrtps_cpp;rosidl_typesupport_introspection_cpp
[0.860s] -- Found rmw_implementation_cmake: 6.1.1 (/opt/ros/humble/share/rmw_implementation_cmake/cmake)
[0.865s] -- Found rmw_fastrtps_cpp: 6.2.2 (/opt/ros/humble/share/rmw_fastrtps_cpp/cmake)
[0.967s] -- Found OpenSSL: /usr/lib/x86_64-linux-gnu/libcrypto.so (found version "3.0.2")  
[0.990s] -- Found FastRTPS: /opt/ros/humble/include  
[1.020s] -- Using RMW implementation 'rmw_fastrtps_cpp' as default
[1.033s] -- Looking for pthread.h
[1.076s] -- Looking for pthread.h - found
[1.077s] -- Performing Test CMAKE_HAVE_LIBC_PTHREAD
[1.128s] -- Performing Test CMAKE_HAVE_LIBC_PTHREAD - Success
[1.129s] -- Found Threads: TRUE  
[1.266s] -- Found ament_lint_auto: 0.12.5 (/opt/ros/humble/share/ament_lint_auto/cmake)
[1.340s] -- Added test 'copyright' to check source files copyright and LICENSE
[1.344s] -- Added test 'cppcheck' to perform static code analysis on C / C++ code
[1.344s] -- Configured cppcheck include dirs: 
[1.344s] -- Configured cppcheck exclude dirs and/or files: 
[1.347s] -- Added test 'cpplint' to check C / C++ code against the Google style
[1.347s] -- Configured cpplint exclude dirs and/or files: 
[1.349s] -- Added test 'lint_cmake' to check CMake code style
[1.352s] -- Added test 'uncrustify' to check C / C++ code style
[1.352s] -- Configured uncrustify additional arguments: 
[1.353s] -- Added test 'xmllint' to check XML markup files
[1.355s] -- Configuring done
[1.362s] -- Generating done
[1.363s] -- Build files have been written to: /home/minipin/ros2-study/robot_dj/src/my_first_ros_rclcpp_pkg/build/my_first_ros_rclcpp_pkg
[1.369s] Invoked command in '/home/minipin/ros2-study/robot_dj/src/my_first_ros_rclcpp_pkg/build/my_first_ros_rclcpp_pkg' returned '0': CMAKE_PREFIX_PATH=${CMAKE_PREFIX_PATH}:/opt/ros/humble /usr/bin/cmake /home/minipin/ros2-study/robot_dj/src/my_first_ros_rclcpp_pkg -DAMENT_CMAKE_SYMLINK_INSTALL=1 -DCMAKE_INSTALL_PREFIX=/home/minipin/ros2-study/robot_dj/src/my_first_ros_rclcpp_pkg/install/my_first_ros_rclcpp_pkg
[1.370s] Invoking command in '/home/minipin/ros2-study/robot_dj/src/my_first_ros_rclcpp_pkg/build/my_first_ros_rclcpp_pkg': CMAKE_PREFIX_PATH=${CMAKE_PREFIX_PATH}:/opt/ros/humble /usr/bin/cmake --build /home/minipin/ros2-study/robot_dj/src/my_first_ros_rclcpp_pkg/build/my_first_ros_rclcpp_pkg -- -j8 -l8
[1.397s] [ 50%] [32mBuilding CXX object CMakeFiles/hellodongjun_publisher.dir/src/hellodongjun_publisher.cpp.o[0m
[1.397s] [ 50%] [32mBuilding CXX object CMakeFiles/hellodongjun_subscriber.dir/src/hellodongjun_subscriber.cpp.o[0m
[1.408s] [ 75%] [32m[1mLinking CXX executable hellodongjun_publisher[0m
[1.475s] /usr/bin/ld: /usr/lib/gcc/x86_64-linux-gnu/11/../../../x86_64-linux-gnu/Scrt1.o: in function `_start':
[1.475s] (.text+0x1b): undefined reference to `main'
[1.477s] collect2: error: ld returned 1 exit status
[1.478s] gmake[2]: *** [CMakeFiles/hellodongjun_publisher.dir/build.make:159: hellodongjun_publisher] Error 1
[1.478s] gmake[1]: *** [CMakeFiles/Makefile2:139: CMakeFiles/hellodongjun_publisher.dir/all] Error 2
[1.478s] gmake[1]: *** Waiting for unfinished jobs....
[6.648s] [100%] [32m[1mLinking CXX executable hellodongjun_subscriber[0m
[6.896s] [100%] Built target hellodongjun_subscriber
[6.897s] gmake: *** [Makefile:146: all] Error 2
[6.898s] Invoked command in '/home/minipin/ros2-study/robot_dj/src/my_first_ros_rclcpp_pkg/build/my_first_ros_rclcpp_pkg' returned '2': CMAKE_PREFIX_PATH=${CMAKE_PREFIX_PATH}:/opt/ros/humble /usr/bin/cmake --build /home/minipin/ros2-study/robot_dj/src/my_first_ros_rclcpp_pkg/build/my_first_ros_rclcpp_pkg -- -j8 -l8
