[0.014s] Invoking command in '/home/minipin/ros2-study/robot_dj/build/topic_service_action_rclcpp_example': AMENT_PREFIX_PATH=/home/minipin/ros2-study/robot_dj/install/msg_srv_action_interface_example:${AMENT_PREFIX_PATH} CMAKE_PREFIX_PATH=/home/minipin/ros2-study/robot_dj/install/msg_srv_action_interface_example:/opt/ros/humble LD_LIBRARY_PATH=/home/minipin/ros2-study/robot_dj/install/msg_srv_action_interface_example/lib:${LD_LIBRARY_PATH} PYTHONPATH=/home/minipin/ros2-study/robot_dj/install/msg_srv_action_interface_example/local/lib/python3.10/dist-packages:${PYTHONPATH} /usr/bin/cmake --build /home/minipin/ros2-study/robot_dj/build/topic_service_action_rclcpp_example -- -j8 -l8
[0.045s] [  5%] [32mBuilding CXX object CMakeFiles/calculator.dir/src/calculator/main.cpp.o[0m
[0.045s] [ 11%] [32mBuilding CXX object gtest/CMakeFiles/gtest_main.dir/src/gtest_main.cc.o[0m
[0.045s] [ 17%] [32mBuilding CXX object CMakeFiles/calculator.dir/src/calculator/calculator.cpp.o[0m
[0.045s] [ 23%] [32mBuilding CXX object CMakeFiles/checker.dir/src/checker/checker.cpp.o[0m
[0.045s] [ 29%] [32mBuilding CXX object CMakeFiles/argument.dir/src/arithmetic/argument.cpp.o[0m
[0.046s] [ 35%] [32mBuilding CXX object CMakeFiles/checker.dir/src/checker/main.cpp.o[0m
[0.051s] [ 47%] [32mBuilding CXX object gtest/CMakeFiles/gtest.dir/src/gtest-all.cc.o[0m
[0.052s] [ 47%] [32mBuilding CXX object CMakeFiles/operator.dir/src/arithmetic/operator.cpp.o[0m
[0.757s] [ 52%] [32m[1mLinking CXX static library libgtest_main.a[0m
[0.815s] [ 52%] Built target gtest_main
[3.069s] [01m[K/home/minipin/ros2-study/robot_dj/src/ros2-seminar-examples/topic_service_action_rclcpp_example/src/checker/checker.cpp:[m[K In member function â€˜[01m[Kvoid Checker::send_goal_total_sum(float)[m[Kâ€™:
[3.070s] [01m[K/home/minipin/ros2-study/robot_dj/src/ros2-seminar-examples/topic_service_action_rclcpp_example/src/checker/checker.cpp:54:61:[m[K [01;31m[Kerror: [m[Kno match for â€˜[01m[Koperator=[m[Kâ€™ (operand types are â€˜[01m[Krclcpp_action::Client<msg_srv_action_interface_example::action::ArithmeticChecker>::GoalResponseCallback[m[Kâ€™ {aka â€˜[01m[Kstd::function<void(std::shared_ptr<rclcpp_action::ClientGoalHandle<msg_srv_action_interface_example::action::ArithmeticChecker> >)>[m[Kâ€™} and â€˜[01m[Kstd::_Bind_helper<false, void (Checker::*)(std::shared_future<std::shared_ptr<rclcpp_action::ClientGoalHandle<msg_srv_action_interface_example::action::ArithmeticChecker> > >), Checker*, const std::_Placeholder<1>&>::type[m[Kâ€™)
[3.070s]    54 |     std::bind(&Checker::get_arithmetic_action_goal, this, _1[01;31m[K)[m[K;
[3.071s]       |                                                             [01;31m[K^[m[K
[3.071s] In file included from [01m[K/usr/include/c++/11/future:47[m[K,
[3.072s]                  from [01m[K/opt/ros/humble/include/rclcpp/rclcpp/executors.hpp:18[m[K,
[3.073s]                  from [01m[K/opt/ros/humble/include/rclcpp/rclcpp/rclcpp.hpp:155[m[K,
[3.073s]                  from [01m[K/home/minipin/ros2-study/robot_dj/src/ros2-seminar-examples/topic_service_action_rclcpp_example/include/checker/checker.hpp:23[m[K,
[3.074s]                  from [01m[K/home/minipin/ros2-study/robot_dj/src/ros2-seminar-examples/topic_service_action_rclcpp_example/src/checker/checker.cpp:17[m[K:
[3.074s] [01m[K/usr/include/c++/11/bits/std_function.h:530:9:[m[K [01;36m[Knote: [m[Kcandidate: â€˜[01m[Ktemplate<class _Functor> std::function<_Res(_ArgTypes ...)>::_Requires<std::function<_Res(_ArgTypes ...)>::_Callable<_Functor>, std::function<_Res(_ArgTypes ...)>&> std::function<_Res(_ArgTypes ...)>::operator=(_Functor&&) [with _Functor = _Functor; _Res = void; _ArgTypes = {std::shared_ptr<rclcpp_action::ClientGoalHandle<msg_srv_action_interface_example::action::ArithmeticChecker> >}][m[Kâ€™
[3.075s]   530 |         [01;36m[Koperator[m[K=(_Functor&& __f)
[3.076s]       |         [01;36m[K^~~~~~~~[m[K
[3.076s] [01m[K/usr/include/c++/11/bits/std_function.h:530:9:[m[K [01;36m[Knote: [m[K  template argument deduction/substitution failed:
[3.077s] In file included from [01m[K/usr/include/c++/11/bits/move.h:57[m[K,
[3.077s]                  from [01m[K/usr/include/c++/11/bits/stl_pair.h:59[m[K,
[3.078s]                  from [01m[K/usr/include/c++/11/bits/stl_algobase.h:64[m[K,
[3.079s]                  from [01m[K/usr/include/c++/11/memory:63[m[K,
[3.079s]                  from [01m[K/home/minipin/ros2-study/robot_dj/src/ros2-seminar-examples/topic_service_action_rclcpp_example/src/checker/checker.cpp:15[m[K:
[3.080s] /usr/include/c++/11/type_traits: In substitution of â€˜[01m[Ktemplate<bool _Cond, class _Tp> using __enable_if_t = typename std::enable_if::type [with bool _Cond = false; _Tp = std::function<void(std::shared_ptr<rclcpp_action::ClientGoalHandle<msg_srv_action_interface_example::action::ArithmeticChecker> >)>&][m[Kâ€™:
[3.080s] [01m[K/usr/include/c++/11/bits/std_function.h:353:8:[m[K   required by substitution of â€˜[01m[Ktemplate<class _Res, class ... _ArgTypes> template<class _Cond, class _Tp> using _Requires = std::__enable_if_t<_Cond::value, _Tp> [with _Cond = std::function<void(std::shared_ptr<rclcpp_action::ClientGoalHandle<msg_srv_action_interface_example::action::ArithmeticChecker> >)>::_Callable<std::_Bind<void (Checker::*(Checker*, std::_Placeholder<1>))(std::shared_future<std::shared_ptr<rclcpp_action::ClientGoalHandle<msg_srv_action_interface_example::action::ArithmeticChecker> > >)>, std::_Bind<void (Checker::*(Checker*, std::_Placeholder<1>))(std::shared_future<std::shared_ptr<rclcpp_action::ClientGoalHandle<msg_srv_action_interface_example::action::ArithmeticChecker> > >)>, std::__invoke_result<std::_Bind<void (Checker::*(Checker*, std::_Placeholder<1>))(std::shared_future<std::shared_ptr<rclcpp_action::ClientGoalHandle<msg_srv_action_interface_example::action::ArithmeticChecker> > >)>&, std::shared_ptr<rclcpp_action::ClientGoalHandle<msg_srv_action_interface_example::action::ArithmeticChecker> > > >; _Tp = std::function<void(std::shared_ptr<rclcpp_action::ClientGoalHandle<msg_srv_action_interface_example::action::ArithmeticChecker> >)>&; _Res = void; _ArgTypes = {std::shared_ptr<rclcpp_action::ClientGoalHandle<msg_srv_action_interface_example::action::ArithmeticChecker> >}][m[Kâ€™
[3.081s] [01m[K/usr/include/c++/11/bits/std_function.h:530:2:[m[K   required by substitution of â€˜[01m[Ktemplate<class _Functor> std::function<void(std::shared_ptr<rclcpp_action::ClientGoalHandle<msg_srv_action_interface_example::action::ArithmeticChecker> >)>::_Requires<std::function<void(std::shared_ptr<rclcpp_action::ClientGoalHandle<msg_srv_action_interface_example::action::ArithmeticChecker> >)>::_Callable<_Functor, typename std::enable_if<(! std::is_same<typename std::remove_cv<typename std::remove_reference<_Tp>::type>::type, std::function<void(std::shared_ptr<rclcpp_action::ClientGoalHandle<msg_srv_action_interface_example::action::ArithmeticChecker> >)> >::value), std::decay<_Tp> >::type::type, std::__invoke_result<typename std::enable_if<(! std::is_same<typename std::remove_cv<typename std::remove_reference<_Tp>::type>::type, std::function<void(std::shared_ptr<rclcpp_action::ClientGoalHandle<msg_srv_action_interface_example::action::ArithmeticChecker> >)> >::value), std::decay<_Tp> >::type::type&, std::shared_ptr<rclcpp_action::ClientGoalHandle<msg_srv_action_interface_example::action::ArithmeticChecker> > > >, std::function<void(std::shared_ptr<rclcpp_action::ClientGoalHandle<msg_srv_action_interface_example::action::ArithmeticChecker> >)>&> std::function<void(std::shared_ptr<rclcpp_action::ClientGoalHandle<msg_srv_action_interface_example::action::ArithmeticChecker> >)>::operator=<_Functor>(_Functor&&) [with _Functor = std::_Bind<void (Checker::*(Checker*, std::_Placeholder<1>))(std::shared_future<std::shared_ptr<rclcpp_action::ClientGoalHandle<msg_srv_action_interface_example::action::ArithmeticChecker> > >)>][m[Kâ€™
[3.082s] [01m[K/home/minipin/ros2-study/robot_dj/src/ros2-seminar-examples/topic_service_action_rclcpp_example/src/checker/checker.cpp:54:61:[m[K   required from here
[3.082s] [01m[K/usr/include/c++/11/type_traits:2211:11:[m[K [01;31m[Kerror: [m[Kno type named â€˜[01m[Ktype[m[Kâ€™ in â€˜[01m[Kstruct std::enable_if<false, std::function<void(std::shared_ptr<rclcpp_action::ClientGoalHandle<msg_srv_action_interface_example::action::ArithmeticChecker> >)>&>[m[Kâ€™
[3.083s]  2211 |     using [01;31m[K__enable_if_t[m[K = typename enable_if<_Cond, _Tp>::type;
[3.083s]       |           [01;31m[K^~~~~~~~~~~~~[m[K
[3.084s] In file included from [01m[K/usr/include/c++/11/future:47[m[K,
[3.085s]                  from [01m[K/opt/ros/humble/include/rclcpp/rclcpp/executors.hpp:18[m[K,
[3.085s]                  from [01m[K/opt/ros/humble/include/rclcpp/rclcpp/rclcpp.hpp:155[m[K,
[3.086s]                  from [01m[K/home/minipin/ros2-study/robot_dj/src/ros2-seminar-examples/topic_service_action_rclcpp_example/include/checker/checker.hpp:23[m[K,
[3.086s]                  from [01m[K/home/minipin/ros2-study/robot_dj/src/ros2-seminar-examples/topic_service_action_rclcpp_example/src/checker/checker.cpp:17[m[K:
[3.087s] [01m[K/usr/include/c++/11/bits/std_function.h:540:9:[m[K [01;36m[Knote: [m[Kcandidate: â€˜[01m[Ktemplate<class _Functor> std::function<_Res(_ArgTypes ...)>& std::function<_Res(_ArgTypes ...)>::operator=(std::reference_wrapper<_Functor>) [with _Functor = _Functor; _Res = void; _ArgTypes = {std::shared_ptr<rclcpp_action::ClientGoalHandle<msg_srv_action_interface_example::action::ArithmeticChecker> >}][m[Kâ€™
[3.088s]   540 |         [01;36m[Koperator[m[K=(reference_wrapper<_Functor> __f) noexcept
[3.088s]       |         [01;36m[K^~~~~~~~[m[K
[3.089s] [01m[K/usr/include/c++/11/bits/std_function.h:540:9:[m[K [01;36m[Knote: [m[K  template argument deduction/substitution failed:
[3.090s] [01m[K/home/minipin/ros2-study/robot_dj/src/ros2-seminar-examples/topic_service_action_rclcpp_example/src/checker/checker.cpp:54:61:[m[K [01;36m[Knote: [m[K  â€˜[01m[Kstd::_Bind<void (Checker::*(Checker*, std::_Placeholder<1>))(std::shared_future<std::shared_ptr<rclcpp_action::ClientGoalHandle<msg_srv_action_interface_example::action::ArithmeticChecker> > >)>[m[Kâ€™ is not derived from â€˜[01m[Kstd::reference_wrapper<_Tp>[m[Kâ€™
[3.090s]    54 |     std::bind(&Checker::get_arithmetic_action_goal, this, _1[01;36m[K)[m[K;
[3.091s]       |                                                             [01;36m[K^[m[K
[3.091s] In file included from [01m[K/usr/include/c++/11/future:47[m[K,
[3.092s]                  from [01m[K/opt/ros/humble/include/rclcpp/rclcpp/executors.hpp:18[m[K,
[3.093s]                  from [01m[K/opt/ros/humble/include/rclcpp/rclcpp/rclcpp.hpp:155[m[K,
[3.093s]                  from [01m[K/home/minipin/ros2-study/robot_dj/src/ros2-seminar-examples/topic_service_action_rclcpp_example/include/checker/checker.hpp:23[m[K,
[3.094s]                  from [01m[K/home/minipin/ros2-study/robot_dj/src/ros2-seminar-examples/topic_service_action_rclcpp_example/src/checker/checker.cpp:17[m[K:
[3.094s] [01m[K/usr/include/c++/11/bits/std_function.h:469:7:[m[K [01;36m[Knote: [m[Kcandidate: â€˜[01m[Kstd::function<_Res(_ArgTypes ...)>& std::function<_Res(_ArgTypes ...)>::operator=(const std::function<_Res(_ArgTypes ...)>&) [with _Res = void; _ArgTypes = {std::shared_ptr<rclcpp_action::ClientGoalHandle<msg_srv_action_interface_example::action::ArithmeticChecker> >}][m[Kâ€™
[3.095s]   469 |       [01;36m[Koperator[m[K=(const function& __x)
[3.096s]       |       [01;36m[K^~~~~~~~[m[K
[3.096s] [01m[K/usr/include/c++/11/bits/std_function.h:469:33:[m[K [01;36m[Knote: [m[K  no known conversion for argument 1 from â€˜[01m[Kstd::_Bind_helper<false, void (Checker::*)(std::shared_future<std::shared_ptr<rclcpp_action::ClientGoalHandle<msg_srv_action_interface_example::action::ArithmeticChecker> > >), Checker*, const std::_Placeholder<1>&>::type[m[Kâ€™ to â€˜[01m[Kconst std::function<void(std::shared_ptr<rclcpp_action::ClientGoalHandle<msg_srv_action_interface_example::action::ArithmeticChecker> >)>&[m[Kâ€™
[3.097s]   469 |       operator=([01;36m[Kconst function& __x[m[K)
[3.097s]       |                 [01;36m[K~~~~~~~~~~~~~~~~^~~[m[K
[3.098s] [01m[K/usr/include/c++/11/bits/std_function.h:487:7:[m[K [01;36m[Knote: [m[Kcandidate: â€˜[01m[Kstd::function<_Res(_ArgTypes ...)>& std::function<_Res(_ArgTypes ...)>::operator=(std::function<_Res(_ArgTypes ...)>&&) [with _Res = void; _ArgTypes = {std::shared_ptr<rclcpp_action::ClientGoalHandle<msg_srv_action_interface_example::action::ArithmeticChecker> >}][m[Kâ€™
[3.100s]   487 |       [01;36m[Koperator[m[K=(function&& __x) noexcept
[3.100s]       |       [01;36m[K^~~~~~~~[m[K
[3.101s] [01m[K/usr/include/c++/11/bits/std_function.h:487:28:[m[K [01;36m[Knote: [m[K  no known conversion for argument 1 from â€˜[01m[Kstd::_Bind_helper<false, void (Checker::*)(std::shared_future<std::shared_ptr<rclcpp_action::ClientGoalHandle<msg_srv_action_interface_example::action::ArithmeticChecker> > >), Checker*, const std::_Placeholder<1>&>::type[m[Kâ€™ to â€˜[01m[Kstd::function<void(std::shared_ptr<rclcpp_action::ClientGoalHandle<msg_srv_action_interface_example::action::ArithmeticChecker> >)>&&[m[Kâ€™
[3.102s]   487 |       operator=([01;36m[Kfunction&& __x[m[K) noexcept
[3.102s]       |                 [01;36m[K~~~~~~~~~~~^~~[m[K
[3.103s] [01m[K/usr/include/c++/11/bits/std_function.h:501:7:[m[K [01;36m[Knote: [m[Kcandidate: â€˜[01m[Kstd::function<_Res(_ArgTypes ...)>& std::function<_Res(_ArgTypes ...)>::operator=(std::nullptr_t) [with _Res = void; _ArgTypes = {std::shared_ptr<rclcpp_action::ClientGoalHandle<msg_srv_action_interface_example::action::ArithmeticChecker> >}; std::nullptr_t = std::nullptr_t][m[Kâ€™
[3.104s]   501 |       [01;36m[Koperator[m[K=(nullptr_t) noexcept
[3.104s]       |       [01;36m[K^~~~~~~~[m[K
[3.105s] [01m[K/usr/include/c++/11/bits/std_function.h:501:17:[m[K [01;36m[Knote: [m[K  no known conversion for argument 1 from â€˜[01m[Kstd::_Bind_helper<false, void (Checker::*)(std::shared_future<std::shared_ptr<rclcpp_action::ClientGoalHandle<msg_srv_action_interface_example::action::ArithmeticChecker> > >), Checker*, const std::_Placeholder<1>&>::type[m[Kâ€™ to â€˜[01m[Kstd::nullptr_t[m[Kâ€™
[3.105s]   501 |       operator=([01;36m[Knullptr_t[m[K) noexcept
[3.106s]       |                 [01;36m[K^~~~~~~~~[m[K
[3.173s] [ 58%] [32m[1mLinking CXX static library libgtest.a[0m
[3.177s] In file included from [01m[K/opt/ros/humble/include/rclcpp/rclcpp/logging.hpp:24[m[K,
[3.177s]                  from [01m[K/opt/ros/humble/include/rclcpp/rclcpp/client.hpp:40[m[K,
[3.177s]                  from [01m[K/opt/ros/humble/include/rclcpp/rclcpp/callback_group.hpp:24[m[K,
[3.178s]                  from [01m[K/opt/ros/humble/include/rclcpp/rclcpp/any_executable.hpp:20[m[K,
[3.178s]                  from [01m[K/opt/ros/humble/include/rclcpp/rclcpp/memory_strategy.hpp:25[m[K,
[3.178s]                  from [01m[K/opt/ros/humble/include/rclcpp/rclcpp/memory_strategies.hpp:18[m[K,
[3.178s]                  from [01m[K/opt/ros/humble/include/rclcpp/rclcpp/executor_options.hpp:20[m[K,
[3.178s]                  from [01m[K/opt/ros/humble/include/rclcpp/rclcpp/executor.hpp:37[m[K,
[3.178s]                  from [01m[K/opt/ros/humble/include/rclcpp/rclcpp/executors/multi_threaded_executor.hpp:25[m[K,
[3.178s]                  from [01m[K/opt/ros/humble/include/rclcpp/rclcpp/executors.hpp:21[m[K,
[3.178s]                  from [01m[K/opt/ros/humble/include/rclcpp/rclcpp/rclcpp.hpp:155[m[K,
[3.178s]                  from [01m[K/home/minipin/ros2-study/robot_dj/src/ros2-seminar-examples/topic_service_action_rclcpp_example/include/calculator/calculator.hpp:25[m[K,
[3.178s]                  from [01m[K/home/minipin/ros2-study/robot_dj/src/ros2-seminar-examples/topic_service_action_rclcpp_example/src/calculator/calculator.cpp:22[m[K:
[3.178s] [01m[K/home/minipin/ros2-study/robot_dj/src/ros2-seminar-examples/topic_service_action_rclcpp_example/src/calculator/calculator.cpp:[m[K In lambda function:
[3.178s] [01m[K/home/minipin/ros2-study/robot_dj/src/ros2-seminar-examples/topic_service_action_rclcpp_example/src/calculator/calculator.cpp:58:9:[m[K [01;35m[Kwarning: [m[Kformat â€˜[01m[K%ld[m[Kâ€™ expects argument of type â€˜[01m[Klong int[m[Kâ€™, but argument 5 has type â€˜[01m[Kbuiltin_interfaces::msg::Time_<std::allocator<void> >::_sec_type[m[Kâ€™ {aka â€˜[01m[Kint[m[Kâ€™} [[01;35m[K]8;;https://gcc.gnu.org/onlinedocs/gcc/Warning-Options.html#index-Wformat=-Wformat=]8;;[m[K]
[3.178s]    58 |         [01;35m[K"Timestamp of the message: sec %ld nanosec %ld"[m[K,
[3.178s]       |         [01;35m[K^~~~~~~~~~~~~~~~~~~~~~~~~~~~~~~~~~~~~~~~~~~~~~~[m[K
[3.178s]    59 |         [32m[Kmsg->stamp.sec[m[K,
[3.178s]       |         [32m[K~~~~~~~~~~~~~~[m[K
[3.178s]       |                    [32m[K|[m[K
[3.179s]       |                    [32m[Kbuiltin_interfaces::msg::Time_<std::allocator<void> >::_sec_type {aka int}[m[K
[3.179s] [01m[K/home/minipin/ros2-study/robot_dj/src/ros2-seminar-examples/topic_service_action_rclcpp_example/src/calculator/calculator.cpp:58:42:[m[K [01;36m[Knote: [m[Kformat string is defined here
[3.179s]    58 |         "Timestamp of the message: sec [01;36m[K%ld[m[K nanosec %ld",
[3.179s]       |                                        [01;36m[K~~^[m[K
[3.179s]       |                                          [01;36m[K|[m[K
[3.179s]       |                                          [01;36m[Klong int[m[K
[3.179s]       |                                        [32m[K%d[m[K
[3.179s] In file included from [01m[K/opt/ros/humble/include/rclcpp/rclcpp/logging.hpp:24[m[K,
[3.179s]                  from [01m[K/opt/ros/humble/include/rclcpp/rclcpp/client.hpp:40[m[K,
[3.179s]                  from [01m[K/opt/ros/humble/include/rclcpp/rclcpp/callback_group.hpp:24[m[K,
[3.179s]                  from [01m[K/opt/ros/humble/include/rclcpp/rclcpp/any_executable.hpp:20[m[K,
[3.179s]                  from [01m[K/opt/ros/humble/include/rclcpp/rclcpp/memory_strategy.hpp:25[m[K,
[3.179s]                  from [01m[K/opt/ros/humble/include/rclcpp/rclcpp/memory_strategies.hpp:18[m[K,
[3.179s]                  from [01m[K/opt/ros/humble/include/rclcpp/rclcpp/executor_options.hpp:20[m[K,
[3.179s]                  from [01m[K/opt/ros/humble/include/rclcpp/rclcpp/executor.hpp:37[m[K,
[3.179s]                  from [01m[K/opt/ros/humble/include/rclcpp/rclcpp/executors/multi_threaded_executor.hpp:25[m[K,
[3.179s]                  from [01m[K/opt/ros/humble/include/rclcpp/rclcpp/executors.hpp:21[m[K,
[3.180s]                  from [01m[K/opt/ros/humble/include/rclcpp/rclcpp/rclcpp.hpp:155[m[K,
[3.180s]                  from [01m[K/home/minipin/ros2-study/robot_dj/src/ros2-seminar-examples/topic_service_action_rclcpp_example/include/calculator/calculator.hpp:25[m[K,
[3.180s]                  from [01m[K/home/minipin/ros2-study/robot_dj/src/ros2-seminar-examples/topic_service_action_rclcpp_example/src/calculator/calculator.cpp:22[m[K:
[3.180s] [01m[K/home/minipin/ros2-study/robot_dj/src/ros2-seminar-examples/topic_service_action_rclcpp_example/src/calculator/calculator.cpp:58:9:[m[K [01;35m[Kwarning: [m[Kformat â€˜[01m[K%ld[m[Kâ€™ expects argument of type â€˜[01m[Klong int[m[Kâ€™, but argument 6 has type â€˜[01m[Kbuiltin_interfaces::msg::Time_<std::allocator<void> >::_nanosec_type[m[Kâ€™ {aka â€˜[01m[Kunsigned int[m[Kâ€™} [[01;35m[K]8;;https://gcc.gnu.org/onlinedocs/gcc/Warning-Options.html#index-Wformat=-Wformat=]8;;[m[K]
[3.180s]    58 |         [01;35m[K"Timestamp of the message: sec %ld nanosec %ld"[m[K,
[3.180s]       |         [01;35m[K^~~~~~~~~~~~~~~~~~~~~~~~~~~~~~~~~~~~~~~~~~~~~~~[m[K
[3.180s]    59 |         msg->stamp.sec,
[3.180s]    60 |         [32m[Kmsg->stamp.nanosec[m[K);
[3.180s]       |         [32m[K~~~~~~~~~~~~~~~~~~[m[K
[3.180s]       |                    [32m[K|[m[K
[3.180s]       |                    [32m[Kbuiltin_interfaces::msg::Time_<std::allocator<void> >::_nanosec_type {aka unsigned int}[m[K
[3.180s] [01m[K/home/minipin/ros2-study/robot_dj/src/ros2-seminar-examples/topic_service_action_rclcpp_example/src/calculator/calculator.cpp:58:54:[m[K [01;36m[Knote: [m[Kformat string is defined here
[3.180s]    58 |         "Timestamp of the message: sec %ld nanosec [01;36m[K%ld[m[K",
[3.180s]       |                                                    [01;36m[K~~^[m[K
[3.180s]       |                                                      [01;36m[K|[m[K
[3.180s]       |                                                      [01;36m[Klong int[m[K
[3.180s]       |                                                    [32m[K%d[m[K
[3.297s] [ 58%] Built target gtest
[3.323s] [ 64%] [32mBuilding CXX object test/CMakeFiles/test_calculator.dir/test_calculator.cpp.o[0m
[3.332s] [ 70%] [32mBuilding CXX object test/CMakeFiles/test_calculator.dir/__/src/calculator/calculator.cpp.o[0m
[3.948s] gmake[2]: *** [CMakeFiles/checker.dir/build.make:90: CMakeFiles/checker.dir/src/checker/checker.cpp.o] Error 1
[3.948s] gmake[1]: *** [CMakeFiles/Makefile2:230: CMakeFiles/checker.dir/all] Error 2
[3.948s] gmake[1]: *** Waiting for unfinished jobs....
[4.492s] [ 76%] [32m[1mLinking CXX executable operator[0m
[4.630s] [ 76%] Built target operator
[5.955s] In file included from [01m[K/opt/ros/humble/include/rclcpp/rclcpp/logging.hpp:24[m[K,
[5.955s]                  from [01m[K/opt/ros/humble/include/rclcpp/rclcpp/client.hpp:40[m[K,
[5.955s]                  from [01m[K/opt/ros/humble/include/rclcpp/rclcpp/callback_group.hpp:24[m[K,
[5.955s]                  from [01m[K/opt/ros/humble/include/rclcpp/rclcpp/any_executable.hpp:20[m[K,
[5.955s]                  from [01m[K/opt/ros/humble/include/rclcpp/rclcpp/memory_strategy.hpp:25[m[K,
[5.955s]                  from [01m[K/opt/ros/humble/include/rclcpp/rclcpp/memory_strategies.hpp:18[m[K,
[5.955s]                  from [01m[K/opt/ros/humble/include/rclcpp/rclcpp/executor_options.hpp:20[m[K,
[5.955s]                  from [01m[K/opt/ros/humble/include/rclcpp/rclcpp/executor.hpp:37[m[K,
[5.955s]                  from [01m[K/opt/ros/humble/include/rclcpp/rclcpp/executors/multi_threaded_executor.hpp:25[m[K,
[5.955s]                  from [01m[K/opt/ros/humble/include/rclcpp/rclcpp/executors.hpp:21[m[K,
[5.955s]                  from [01m[K/opt/ros/humble/include/rclcpp/rclcpp/rclcpp.hpp:155[m[K,
[5.955s]                  from [01m[K/home/minipin/ros2-study/robot_dj/src/ros2-seminar-examples/topic_service_action_rclcpp_example/include/calculator/calculator.hpp:25[m[K,
[5.955s]                  from [01m[K/home/minipin/ros2-study/robot_dj/src/ros2-seminar-examples/topic_service_action_rclcpp_example/src/calculator/calculator.cpp:22[m[K:
[5.956s] [01m[K/home/minipin/ros2-study/robot_dj/src/ros2-seminar-examples/topic_service_action_rclcpp_example/src/calculator/calculator.cpp:[m[K In lambda function:
[5.956s] [01m[K/home/minipin/ros2-study/robot_dj/src/ros2-seminar-examples/topic_service_action_rclcpp_example/src/calculator/calculator.cpp:58:9:[m[K [01;35m[Kwarning: [m[Kformat â€˜[01m[K%ld[m[Kâ€™ expects argument of type â€˜[01m[Klong int[m[Kâ€™, but argument 5 has type â€˜[01m[Kbuiltin_interfaces::msg::Time_<std::allocator<void> >::_sec_type[m[Kâ€™ {aka â€˜[01m[Kint[m[Kâ€™} [[01;35m[K]8;;https://gcc.gnu.org/onlinedocs/gcc/Warning-Options.html#index-Wformat=-Wformat=]8;;[m[K]
[5.956s]    58 |         [01;35m[K"Timestamp of the message: sec %ld nanosec %ld"[m[K,
[5.956s]       |         [01;35m[K^~~~~~~~~~~~~~~~~~~~~~~~~~~~~~~~~~~~~~~~~~~~~~~[m[K
[5.956s]    59 |         [32m[Kmsg->stamp.sec[m[K,
[5.956s]       |         [32m[K~~~~~~~~~~~~~~[m[K
[5.956s]       |                    [32m[K|[m[K
[5.956s]       |                    [32m[Kbuiltin_interfaces::msg::Time_<std::allocator<void> >::_sec_type {aka int}[m[K
[5.956s] [01m[K/home/minipin/ros2-study/robot_dj/src/ros2-seminar-examples/topic_service_action_rclcpp_example/src/calculator/calculator.cpp:58:42:[m[K [01;36m[Knote: [m[Kformat string is defined here
[5.956s]    58 |         "Timestamp of the message: sec [01;36m[K%ld[m[K nanosec %ld",
[5.956s]       |                                        [01;36m[K~~^[m[K
[5.956s]       |                                          [01;36m[K|[m[K
[5.956s]       |                                          [01;36m[Klong int[m[K
[5.956s]       |                                        [32m[K%d[m[K
[5.957s] In file included from [01m[K/opt/ros/humble/include/rclcpp/rclcpp/logging.hpp:24[m[K,
[5.957s]                  from [01m[K/opt/ros/humble/include/rclcpp/rclcpp/client.hpp:40[m[K,
[5.957s]                  from [01m[K/opt/ros/humble/include/rclcpp/rclcpp/callback_group.hpp:24[m[K,
[5.957s]                  from [01m[K/opt/ros/humble/include/rclcpp/rclcpp/any_executable.hpp:20[m[K,
[5.957s]                  from [01m[K/opt/ros/humble/include/rclcpp/rclcpp/memory_strategy.hpp:25[m[K,
[5.957s]                  from [01m[K/opt/ros/humble/include/rclcpp/rclcpp/memory_strategies.hpp:18[m[K,
[5.957s]                  from [01m[K/opt/ros/humble/include/rclcpp/rclcpp/executor_options.hpp:20[m[K,
[5.957s]                  from [01m[K/opt/ros/humble/include/rclcpp/rclcpp/executor.hpp:37[m[K,
[5.957s]                  from [01m[K/opt/ros/humble/include/rclcpp/rclcpp/executors/multi_threaded_executor.hpp:25[m[K,
[5.957s]                  from [01m[K/opt/ros/humble/include/rclcpp/rclcpp/executors.hpp:21[m[K,
[5.957s]                  from [01m[K/opt/ros/humble/include/rclcpp/rclcpp/rclcpp.hpp:155[m[K,
[5.957s]                  from [01m[K/home/minipin/ros2-study/robot_dj/src/ros2-seminar-examples/topic_service_action_rclcpp_example/include/calculator/calculator.hpp:25[m[K,
[5.957s]                  from [01m[K/home/minipin/ros2-study/robot_dj/src/ros2-seminar-examples/topic_service_action_rclcpp_example/src/calculator/calculator.cpp:22[m[K:
[5.957s] [01m[K/home/minipin/ros2-study/robot_dj/src/ros2-seminar-examples/topic_service_action_rclcpp_example/src/calculator/calculator.cpp:58:9:[m[K [01;35m[Kwarning: [m[Kformat â€˜[01m[K%ld[m[Kâ€™ expects argument of type â€˜[01m[Klong int[m[Kâ€™, but argument 6 has type â€˜[01m[Kbuiltin_interfaces::msg::Time_<std::allocator<void> >::_nanosec_type[m[Kâ€™ {aka â€˜[01m[Kunsigned int[m[Kâ€™} [[01;35m[K]8;;https://gcc.gnu.org/onlinedocs/gcc/Warning-Options.html#index-Wformat=-Wformat=]8;;[m[K]
[5.957s]    58 |         [01;35m[K"Timestamp of the message: sec %ld nanosec %ld"[m[K,
[5.958s]       |         [01;35m[K^~~~~~~~~~~~~~~~~~~~~~~~~~~~~~~~~~~~~~~~~~~~~~~[m[K
[5.958s]    59 |         msg->stamp.sec,
[5.958s]    60 |         [32m[Kmsg->stamp.nanosec[m[K);
[5.958s]       |         [32m[K~~~~~~~~~~~~~~~~~~[m[K
[5.958s]       |                    [32m[K|[m[K
[5.958s]       |                    [32m[Kbuiltin_interfaces::msg::Time_<std::allocator<void> >::_nanosec_type {aka unsigned int}[m[K
[5.958s] [01m[K/home/minipin/ros2-study/robot_dj/src/ros2-seminar-examples/topic_service_action_rclcpp_example/src/calculator/calculator.cpp:58:54:[m[K [01;36m[Knote: [m[Kformat string is defined here
[5.958s]    58 |         "Timestamp of the message: sec %ld nanosec [01;36m[K%ld[m[K",
[5.958s]       |                                                    [01;36m[K~~^[m[K
[5.958s]       |                                                      [01;36m[K|[m[K
[5.958s]       |                                                      [01;36m[Klong int[m[K
[5.958s]       |                                                    [32m[K%d[m[K
[8.487s] [ 82%] [32m[1mLinking CXX executable argument[0m
[8.812s] [ 82%] Built target argument
[9.237s] [ 88%] [32m[1mLinking CXX executable calculator[0m
[9.569s] [ 88%] Built target calculator
[10.998s] [ 94%] [32m[1mLinking CXX executable test_calculator[0m
[11.363s] [ 94%] Built target test_calculator
[11.363s] gmake: *** [Makefile:146: all] Error 2
[11.365s] Invoked command in '/home/minipin/ros2-study/robot_dj/build/topic_service_action_rclcpp_example' returned '2': AMENT_PREFIX_PATH=/home/minipin/ros2-study/robot_dj/install/msg_srv_action_interface_example:${AMENT_PREFIX_PATH} CMAKE_PREFIX_PATH=/home/minipin/ros2-study/robot_dj/install/msg_srv_action_interface_example:/opt/ros/humble LD_LIBRARY_PATH=/home/minipin/ros2-study/robot_dj/install/msg_srv_action_interface_example/lib:${LD_LIBRARY_PATH} PYTHONPATH=/home/minipin/ros2-study/robot_dj/install/msg_srv_action_interface_example/local/lib/python3.10/dist-packages:${PYTHONPATH} /usr/bin/cmake --build /home/minipin/ros2-study/robot_dj/build/topic_service_action_rclcpp_example -- -j8 -l8
