-- The C compiler identification is GNU 11.3.0
-- The CXX compiler identification is GNU 11.3.0
-- Detecting C compiler ABI info
-- Detecting C compiler ABI info - done
-- Check for working C compiler: /usr/bin/cc - skipped
-- Detecting C compile features
-- Detecting C compile features - done
-- Detecting CXX compiler ABI info
-- Detecting CXX compiler ABI info - done
-- Check for working CXX compiler: /usr/bin/c++ - skipped
-- Detecting CXX compile features
-- Detecting CXX compile features - done
-- Found ament_cmake: 1.3.3 (/opt/ros/humble/share/ament_cmake/cmake)
-- Found Python3: /usr/bin/python3.10 (found version "3.10.6") found components: Interpreter 
-- Override CMake install command with custom implementation using symlinks instead of copying resources
-- Found geometry_msgs: 4.2.3 (/opt/ros/humble/share/geometry_msgs/cmake)
-- Found rosidl_generator_c: 3.1.4 (/opt/ros/humble/share/rosidl_generator_c/cmake)
-- Found rosidl_adapter: 3.1.4 (/opt/ros/humble/share/rosidl_adapter/cmake)
-- Found rosidl_generator_cpp: 3.1.4 (/opt/ros/humble/share/rosidl_generator_cpp/cmake)
-- Using all available rosidl_typesupport_c: rosidl_typesupport_fastrtps_c;rosidl_typesupport_introspection_c
-- Using all available rosidl_typesupport_cpp: rosidl_typesupport_fastrtps_cpp;rosidl_typesupport_introspection_cpp
-- Found rclcpp: 16.0.3 (/opt/ros/humble/share/rclcpp/cmake)
-- Found rmw_implementation_cmake: 6.1.1 (/opt/ros/humble/share/rmw_implementation_cmake/cmake)
-- Found rmw_fastrtps_cpp: 6.2.2 (/opt/ros/humble/share/rmw_fastrtps_cpp/cmake)
-- Found OpenSSL: /usr/lib/x86_64-linux-gnu/libcrypto.so (found version "3.0.2")  
-- Found FastRTPS: /opt/ros/humble/include  
-- Using RMW implementation 'rmw_fastrtps_cpp' as default
-- Looking for pthread.h
-- Looking for pthread.h - found
-- Performing Test CMAKE_HAVE_LIBC_PTHREAD
-- Performing Test CMAKE_HAVE_LIBC_PTHREAD - Success
-- Found Threads: TRUE  
-- Found std_srvs: 4.2.3 (/opt/ros/humble/share/std_srvs/cmake)
-- Found tf2: 0.25.2 (/opt/ros/humble/share/tf2/cmake)
-- Found tf2_geometry_msgs: 0.25.2 (/opt/ros/humble/share/tf2_geometry_msgs/cmake)
-- Found eigen3_cmake_module: 0.1.1 (/opt/ros/humble/share/eigen3_cmake_module/cmake)
-- Found Eigen3: TRUE (found version "3.4.0") 
-- Ensuring Eigen3 include directory is part of orocos-kdl CMake target
-- Found ament_lint_auto: 0.12.5 (/opt/ros/humble/share/ament_lint_auto/cmake)
-- Added test 'copyright' to check source files copyright and LICENSE
-- Added test 'cppcheck' to perform static code analysis on C / C++ code
-- Configured cppcheck include dirs: /home/minipin/ros2-study/robot_dj/src/ros2-seminar-examples/tf2_rclcpp_example/include
-- Configured cppcheck exclude dirs and/or files: 
-- Added test 'cpplint' to check C / C++ code against the Google style
-- Configured cpplint exclude dirs and/or files: 
-- Added test 'lint_cmake' to check CMake code style
-- Added test 'uncrustify' to check C / C++ code style
-- Configured uncrustify additional arguments: 
-- Added test 'xmllint' to check XML markup files
-- Configuring done
-- Generating done
-- Build files have been written to: /home/minipin/ros2-study/robot_dj/build/tf2_rclcpp_example
[ 16%] [32mBuilding CXX object CMakeFiles/broadcaster.dir/src/broadcaster.cpp.o[0m
[ 33%] [32mBuilding CXX object CMakeFiles/static_broadcaster.dir/src/static_broadcaster.cpp.o[0m
[ 50%] [32mBuilding CXX object CMakeFiles/listener.dir/src/listener.cpp.o[0m
In file included from [01m[K/home/minipin/ros2-study/robot_dj/src/ros2-seminar-examples/tf2_rclcpp_example/include/listener.hpp:25[m[K,
                 from [01m[K/home/minipin/ros2-study/robot_dj/src/ros2-seminar-examples/tf2_rclcpp_example/src/listener.cpp:17[m[K:
[01m[K/opt/ros/humble/include/tf2_geometry_msgs/tf2_geometry_msgs/tf2_geometry_msgs.h:35:2:[m[K [01;35m[Kwarning: [m[K#warning This header is obsolete, please include tf2_geometry_msgs/tf2_geometry_msgs.hpp instead [[01;35m[K]8;;https://gcc.gnu.org/onlinedocs/gcc/Warning-Options.html#index-Wcpp-Wcpp]8;;[m[K]
   35 | #[01;35m[Kwarning[m[K This header is obsolete, please include tf2_geometry_msgs/tf2_geometry_msgs.hpp instead
      |  [01;35m[K^~~~~~~[m[K
In file included from [01m[K/home/minipin/ros2-study/robot_dj/src/ros2-seminar-examples/tf2_rclcpp_example/src/listener.cpp:17[m[K:
[01m[K/home/minipin/ros2-study/robot_dj/src/ros2-seminar-examples/tf2_rclcpp_example/include/listener.hpp:40:12:[m[K [01;31m[Kerror: [m[Kâ€˜[01m[KBuffer[m[Kâ€™ in namespace â€˜[01m[Ktf2_ros[m[Kâ€™ does not name a type
   40 |   tf2_ros::[01;31m[KBuffer[m[K tf_buffer_;
      |            [01;31m[K^~~~~~[m[K
[01m[K/home/minipin/ros2-study/robot_dj/src/ros2-seminar-examples/tf2_rclcpp_example/src/listener.cpp:[m[K In constructor â€˜[01m[KListener::Listener()[m[Kâ€™:
[01m[K/home/minipin/ros2-study/robot_dj/src/ros2-seminar-examples/tf2_rclcpp_example/src/listener.cpp:23:3:[m[K [01;31m[Kerror: [m[Kclass â€˜[01m[KListener[m[Kâ€™ does not have any field named â€˜[01m[Ktf_buffer_[m[Kâ€™
   23 |   [01;31m[Ktf_buffer_[m[K(this->get_clock()),
      |   [01;31m[K^~~~~~~~~~[m[K
[01m[K/home/minipin/ros2-study/robot_dj/src/ros2-seminar-examples/tf2_rclcpp_example/src/listener.cpp:24:16:[m[K [01;31m[Kerror: [m[Kâ€˜[01m[Ktf_buffer_[m[Kâ€™ was not declared in this scope
   24 |   tf_listener_([01;31m[Ktf_buffer_[m[K)
      |                [01;31m[K^~~~~~~~~~[m[K
[01m[K/home/minipin/ros2-study/robot_dj/src/ros2-seminar-examples/tf2_rclcpp_example/src/listener.cpp:[m[K In lambda function:
[01m[K/home/minipin/ros2-study/robot_dj/src/ros2-seminar-examples/tf2_rclcpp_example/src/listener.cpp:33:24:[m[K [01;31m[Kerror: [m[Kâ€˜[01m[Ktf_buffer_[m[Kâ€™ is not captured
   33 |         tf_world_pan = [01;31m[Ktf_buffer_[m[K.lookupTransform("pan", "world", tf2::timeFromSec(0));
      |                        [01;31m[K^~~~~~~~~~[m[K
[01m[K/home/minipin/ros2-study/robot_dj/src/ros2-seminar-examples/tf2_rclcpp_example/src/listener.cpp:27:10:[m[K [01;36m[Knote: [m[Kthe lambda has no capture-default
   27 |     [this[01;36m[K][m[K() -> void
      |          [01;36m[K^[m[K
[01m[K/home/minipin/ros2-study/robot_dj/src/ros2-seminar-examples/tf2_rclcpp_example/src/listener.cpp:24:16:[m[K [01;36m[Knote: [m[Kâ€˜[01m[K<typeprefixerror>tf_buffer_[m[Kâ€™ declared here
   24 |   tf_listener_([01;36m[Ktf_buffer_[m[K)
      |                [01;36m[K^~~~~~~~~~[m[K
[01m[K/home/minipin/ros2-study/robot_dj/src/ros2-seminar-examples/tf2_rclcpp_example/src/listener.cpp:55:24:[m[K [01;31m[Kerror: [m[Kâ€˜[01m[Ktf_buffer_[m[Kâ€™ is not captured
   55 |         tf_pan_world = [01;31m[Ktf_buffer_[m[K.lookupTransform("world", "pan", tf2::timeFromSec(0));
      |                        [01;31m[K^~~~~~~~~~[m[K
[01m[K/home/minipin/ros2-study/robot_dj/src/ros2-seminar-examples/tf2_rclcpp_example/src/listener.cpp:27:10:[m[K [01;36m[Knote: [m[Kthe lambda has no capture-default
   27 |     [this[01;36m[K][m[K() -> void
      |          [01;36m[K^[m[K
[01m[K/home/minipin/ros2-study/robot_dj/src/ros2-seminar-examples/tf2_rclcpp_example/src/listener.cpp:24:16:[m[K [01;36m[Knote: [m[Kâ€˜[01m[K<typeprefixerror>tf_buffer_[m[Kâ€™ declared here
   24 |   tf_listener_([01;36m[Ktf_buffer_[m[K)
      |                [01;36m[K^~~~~~~~~~[m[K
gmake[2]: *** [CMakeFiles/listener.dir/build.make:76: CMakeFiles/listener.dir/src/listener.cpp.o] Error 1
gmake[1]: *** [CMakeFiles/Makefile2:167: CMakeFiles/listener.dir/all] Error 2
gmake[1]: *** Waiting for unfinished jobs....
[ 66%] [32m[1mLinking CXX executable static_broadcaster[0m
[ 66%] Built target static_broadcaster
[ 83%] [32m[1mLinking CXX executable broadcaster[0m
[ 83%] Built target broadcaster
gmake: *** [Makefile:146: all] Error 2
