In file included from [01m[K/home/minipin/ros2-study/robot_dj/src/ros2-seminar-examples/topic_service_action_rclcpp_example/src/checker/checker.cpp:18[m[K:
[01m[K/home/minipin/ros2-study/robot_dj/src/ros2-seminar-examples/topic_service_action_rclcpp_example/include/checker/checker.hpp:44:63:[m[K [01;31m[Kerror: [m[Kexpected â€˜[01m[K;[m[Kâ€™ at end of member declaration
   44 |     const GoalHandleArithmeticChecker::SharedPtr & goal_handle[01;31m[K)[m[K
      |                                                               [01;31m[K^[m[K
      |                                                                [32m[K;[m[K
In file included from [01m[K/home/minipin/ros2-study/robot_dj/src/ros2-seminar-examples/topic_service_action_rclcpp_example/src/checker/main.cpp:23[m[K:
[01m[K/home/minipin/ros2-study/robot_dj/src/ros2-seminar-examples/topic_service_action_rclcpp_example/include/checker/checker.hpp:44:63:[m[K [01;31m[Kerror: [m[Kexpected â€˜[01m[K;[m[Kâ€™ at end of member declaration
   44 |     const GoalHandleArithmeticChecker::SharedPtr & goal_handle[01;31m[K)[m[K
      |                                                               [01;31m[K^[m[K
      |                                                                [32m[K;[m[K
gmake[2]: *** [CMakeFiles/checker.dir/build.make:76: CMakeFiles/checker.dir/src/checker/main.cpp.o] Error 1
gmake[2]: *** Waiting for unfinished jobs....
gmake[2]: *** [CMakeFiles/checker.dir/build.make:90: CMakeFiles/checker.dir/src/checker/checker.cpp.o] Error 1
gmake[1]: *** [CMakeFiles/Makefile2:230: CMakeFiles/checker.dir/all] Error 2
gmake: *** [Makefile:146: all] Error 2
